<?xml version="1.0" encoding="utf-8"?><testsuites name="pytest tests"><testsuite name="pytest" errors="0" failures="0" skipped="0" tests="8" time="1.870" timestamp="2026-06-19T17:46:13.330789+00:00" hostname="agent-env-9ec43242-002a-409d-9fed-3ef398847c18"><testcase classname="backend.tests.test_auth.TestRegister" name="test_register_new_user_returns_token_and_user" time="0.599" /><testcase classname="backend.tests.test_auth.TestRegister" name="test_me_with_valid_token" time="0.048" /><testcase classname="backend.tests.test_auth.TestRegister" name="test_register_duplicate_email_returns_400" time="0.044" /><testcase classname="backend.tests.test_auth.TestLogin" name="test_admin_login_success" time="0.272" /><testcase classname="backend.tests.test_auth.TestLogin" name="test_admin_me" time="0.045" /><testcase classname="backend.tests.test_auth.TestLogin" name="test_login_wrong_password_returns_401" time="0.277" /><testcase classname="backend.tests.test_auth.TestLogin" name="test_me_without_token_returns_401" time="0.043" /><testcase classname="backend.tests.test_auth.TestGoogleCallback" name="test_invalid_session_id_returns_401" time="0.222" /></testsuite></testsuites>