<?xml version="1.0" encoding="utf-8"?><testsuites name="pytest tests"><testsuite name="pytest" errors="0" failures="0" skipped="0" tests="9" time="33.120" timestamp="2026-05-10T21:18:46.828527+00:00" hostname="agent-env-9ec43242-002a-409d-9fed-3ef398847c18"><testcase classname="backend.tests.test_glowmatch_api.TestCatalog" name="test_root" time="0.220" /><testcase classname="backend.tests.test_glowmatch_api.TestCatalog" name="test_categories" time="0.147" /><testcase classname="backend.tests.test_glowmatch_api.TestCatalog" name="test_products_by_category" time="0.169" /><testcase classname="backend.tests.test_glowmatch_api.TestCatalog" name="test_products_filter_price" time="0.142" /><testcase classname="backend.tests.test_glowmatch_api.TestCatalog" name="test_top_products" time="0.113" /><testcase classname="backend.tests.test_glowmatch_api.TestCatalog" name="test_product_by_id" time="0.264" /><testcase classname="backend.tests.test_glowmatch_api.TestCatalog" name="test_product_invalid_id" time="0.112" /><testcase classname="backend.tests.test_glowmatch_api.TestAI" name="test_ai_select_products" time="16.066" /><testcase classname="backend.tests.test_glowmatch_api.TestAI" name="test_ai_apply_makeup" time="15.603" /></testsuite></testsuites>